<testsuite errors="0" failures="0" tests="2" skipped="0" name="org.elasticsearch.river.nvd.NvdRiverIntegrationTest" hostname="nohost.nodomain" time="126.148" timestamp="2014-08-01T22:11:11">
   <properties class="java.util.ArrayList">
      <property name="awt.toolkit" value="sun.lwawt.macosx.LWCToolkit"/>
      <property name="es.logger.level" value="INFO"/>
      <property name="es.logger.prefix" value=""/>
      <property name="es.node.local" value=""/>
      <property name="es.node.mode" value=""/>
      <property name="file.encoding" value="UTF-8"/>
      <property name="file.encoding.pkg" value="sun.io"/>
      <property name="file.separator" value="/"/>
      <property name="ftp.nonProxyHosts" value="local|*.local|169.254/16|*.169.254/16"/>
      <property name="gopherProxySet" value="false"/>
      <property name="http.nonProxyHosts" value="local|*.local|169.254/16|*.169.254/16"/>
      <property name="java.awt.graphicsenv" value="sun.awt.CGraphicsEnvironment"/>
      <property name="java.awt.headless" value="true"/>
      <property name="java.awt.printerjob" value="sun.lwawt.macosx.CPrinterJob"/>
      <property name="java.class.path" value="/Users/florian/Code/elasticsearch-nvd-river/target/test-classes:/Users/florian/Code/elasticsearch-nvd-river/target/classes:/Users/florian/.m2/repository/org/apache/lucene/lucene-test-framework/4.9.0/lucene-test-framework-4.9.0.jar:/Users/florian/.m2/repository/org/apache/lucene/lucene-codecs/4.9.0/lucene-codecs-4.9.0.jar:/Users/florian/.m2/repository/org/apache/lucene/lucene-core/4.9.0/lucene-core-4.9.0.jar:/Users/florian/.m2/repository/com/carrotsearch/randomizedtesting/junit4-ant/2.1.3/junit4-ant-2.1.3.jar:/Users/florian/.m2/repository/com/carrotsearch/randomizedtesting/randomizedtesting-runner/2.1.3/randomizedtesting-runner-2.1.3.jar:/Users/florian/.m2/repository/junit/junit/4.10/junit-4.10.jar:/Users/florian/.m2/repository/org/apache/ant/ant/1.8.2/ant-1.8.2.jar:/Users/florian/.m2/repository/org/elasticsearch/elasticsearch/1.3.0/elasticsearch-1.3.0.jar:/Users/florian/.m2/repository/org/apache/lucene/lucene-analyzers-common/4.9.0/lucene-analyzers-common-4.9.0.jar:/Users/florian/.m2/repository/org/apache/lucene/lucene-queries/4.9.0/lucene-queries-4.9.0.jar:/Users/florian/.m2/repository/org/apache/lucene/lucene-memory/4.9.0/lucene-memory-4.9.0.jar:/Users/florian/.m2/repository/org/apache/lucene/lucene-highlighter/4.9.0/lucene-highlighter-4.9.0.jar:/Users/florian/.m2/repository/org/apache/lucene/lucene-queryparser/4.9.0/lucene-queryparser-4.9.0.jar:/Users/florian/.m2/repository/org/apache/lucene/lucene-sandbox/4.9.0/lucene-sandbox-4.9.0.jar:/Users/florian/.m2/repository/org/apache/lucene/lucene-suggest/4.9.0/lucene-suggest-4.9.0.jar:/Users/florian/.m2/repository/org/apache/lucene/lucene-misc/4.9.0/lucene-misc-4.9.0.jar:/Users/florian/.m2/repository/org/apache/lucene/lucene-join/4.9.0/lucene-join-4.9.0.jar:/Users/florian/.m2/repository/org/apache/lucene/lucene-grouping/4.9.0/lucene-grouping-4.9.0.jar:/Users/florian/.m2/repository/org/apache/lucene/lucene-spatial/4.9.0/lucene-spatial-4.9.0.jar:/Users/florian/.m2/repository/com/spatial4j/spatial4j/0.4.1/spatial4j-0.4.1.jar:/Users/florian/.m2/repository/org/antlr/antlr-runtime/3.5/antlr-runtime-3.5.jar:/Users/florian/.m2/repository/org/ow2/asm/asm/4.1/asm-4.1.jar:/Users/florian/.m2/repository/org/ow2/asm/asm-commons/4.1/asm-commons-4.1.jar:/Users/florian/.m2/repository/org/apache/logging/log4j/log4j-api/2.0/log4j-api-2.0.jar:/Users/florian/.m2/repository/org/apache/logging/log4j/log4j-core/2.0/log4j-core-2.0.jar:/Users/florian/.m2/repository/org/elasticsearch/elasticsearch/1.3.0/elasticsearch-1.3.0-tests.jar:/Users/florian/.m2/repository/org/hamcrest/hamcrest-core/1.3.RC2/hamcrest-core-1.3.RC2.jar:/Users/florian/.m2/repository/org/hamcrest/hamcrest-library/1.3.RC2/hamcrest-library-1.3.RC2.jar:/Users/florian/.m2/repository/org/eclipse/persistence/org.eclipse.persistence.moxy/2.5.0/org.eclipse.persistence.moxy-2.5.0.jar:/Users/florian/.m2/repository/org/eclipse/persistence/org.eclipse.persistence.core/2.5.0/org.eclipse.persistence.core-2.5.0.jar:/Users/florian/.m2/repository/org/eclipse/persistence/org.eclipse.persistence.asm/2.5.0/org.eclipse.persistence.asm-2.5.0.jar:/Users/florian/.m2/repository/org/eclipse/persistence/org.eclipse.persistence.antlr/2.5.0/org.eclipse.persistence.antlr-2.5.0.jar:/Users/florian/.m2/repository/com/carrotsearch/randomizedtesting/junit4-ant/2.0.12/junit4-ant-2.0.12.jar"/>
      <property name="java.class.version" value="52.0"/>
      <property name="java.endorsed.dirs" value="/Library/Java/JavaVirtualMachines/jdk1.8.0_11.jdk/Contents/Home/jre/lib/endorsed"/>
      <property name="java.ext.dirs" value="/Users/florian/Library/Java/Extensions:/Library/Java/JavaVirtualMachines/jdk1.8.0_11.jdk/Contents/Home/jre/lib/ext:/Library/Java/Extensions:/Network/Library/Java/Extensions:/System/Library/Java/Extensions:/usr/lib/java"/>
      <property name="java.home" value="/Library/Java/JavaVirtualMachines/jdk1.8.0_11.jdk/Contents/Home/jre"/>
      <property name="java.io.tmpdir" value="/var/folders/28/4c24h1n95hj28mywqz1wbn3c0000gn/T/"/>
      <property name="java.library.path" value="/Users/florian/Library/Java/Extensions:/Library/Java/Extensions:/Network/Library/Java/Extensions:/System/Library/Java/Extensions:/usr/lib/java:."/>
      <property name="java.runtime.name" value="Java(TM) SE Runtime Environment"/>
      <property name="java.runtime.version" value="1.8.0_11-b12"/>
      <property name="java.specification.name" value="Java Platform API Specification"/>
      <property name="java.specification.vendor" value="Oracle Corporation"/>
      <property name="java.specification.version" value="1.8"/>
      <property name="java.vendor" value="Oracle Corporation"/>
      <property name="java.vendor.url" value="http://java.oracle.com/"/>
      <property name="java.vendor.url.bug" value="http://bugreport.sun.com/bugreport/"/>
      <property name="java.version" value="1.8.0_11"/>
      <property name="java.vm.info" value="mixed mode"/>
      <property name="java.vm.name" value="Java HotSpot(TM) 64-Bit Server VM"/>
      <property name="java.vm.specification.name" value="Java Virtual Machine Specification"/>
      <property name="java.vm.specification.vendor" value="Oracle Corporation"/>
      <property name="java.vm.specification.version" value="1.8"/>
      <property name="java.vm.vendor" value="Oracle Corporation"/>
      <property name="java.vm.version" value="25.11-b03"/>
      <property name="junit4.childvm.cwd" value="/Users/florian/Code/elasticsearch-nvd-river/target/J0"/>
      <property name="junit4.childvm.id" value="0"/>
      <property name="junit4.memory.total" value="137887744"/>
      <property name="junit4.pidString" value="98587@Florians-MacBook-Pro.local"/>
      <property name="junit4.processors" value="4"/>
      <property name="line.separator" value="
"/>
      <property name="os.arch" value="x86_64"/>
      <property name="os.name" value="Mac OS X"/>
      <property name="os.version" value="10.9.4"/>
      <property name="path.separator" value=":"/>
      <property name="socksNonProxyHosts" value="local|*.local|169.254/16|*.169.254/16"/>
      <property name="sun.arch.data.model" value="64"/>
      <property name="sun.boot.class.path" value="/Library/Java/JavaVirtualMachines/jdk1.8.0_11.jdk/Contents/Home/jre/lib/resources.jar:/Library/Java/JavaVirtualMachines/jdk1.8.0_11.jdk/Contents/Home/jre/lib/rt.jar:/Library/Java/JavaVirtualMachines/jdk1.8.0_11.jdk/Contents/Home/jre/lib/sunrsasign.jar:/Library/Java/JavaVirtualMachines/jdk1.8.0_11.jdk/Contents/Home/jre/lib/jsse.jar:/Library/Java/JavaVirtualMachines/jdk1.8.0_11.jdk/Contents/Home/jre/lib/jce.jar:/Library/Java/JavaVirtualMachines/jdk1.8.0_11.jdk/Contents/Home/jre/lib/charsets.jar:/Library/Java/JavaVirtualMachines/jdk1.8.0_11.jdk/Contents/Home/jre/lib/jfr.jar:/Library/Java/JavaVirtualMachines/jdk1.8.0_11.jdk/Contents/Home/jre/classes"/>
      <property name="sun.boot.library.path" value="/Library/Java/JavaVirtualMachines/jdk1.8.0_11.jdk/Contents/Home/jre/lib"/>
      <property name="sun.cpu.endian" value="little"/>
      <property name="sun.cpu.isalist" value=""/>
      <property name="sun.io.unicode.encoding" value="UnicodeBig"/>
      <property name="sun.java.command" value="com.carrotsearch.ant.tasks.junit4.slave.SlaveMainSafe -flush -eventsfile /Users/florian/Code/elasticsearch-nvd-river/target/junit4-J0-20140801_221058_044.events @/Users/florian/Code/elasticsearch-nvd-river/target/junit4-J0-20140801_221058_044.suites -stdin"/>
      <property name="sun.java.launcher" value="SUN_STANDARD"/>
      <property name="sun.jnu.encoding" value="UTF-8"/>
      <property name="sun.management.compiler" value="HotSpot 64-Bit Tiered Compilers"/>
      <property name="sun.os.patch.level" value="unknown"/>
      <property name="tests.awaitsfix" value=""/>
      <property name="tests.badapples" value=""/>
      <property name="tests.class" value=""/>
      <property name="tests.client.ratio" value=""/>
      <property name="tests.cluster_seed" value=""/>
      <property name="tests.failfast" value=""/>
      <property name="tests.integration" value=""/>
      <property name="tests.iters" value=""/>
      <property name="tests.maxfailures" value=""/>
      <property name="tests.method" value=""/>
      <property name="tests.nightly" value=""/>
      <property name="tests.prefix" value="tests"/>
      <property name="tests.seed" value="EA2CAFC394312600"/>
      <property name="tests.showSuccess" value=""/>
      <property name="tests.slow" value=""/>
      <property name="tests.timeoutSuite" value=""/>
      <property name="tests.weekly" value=""/>
      <property name="user.country" value="US"/>
      <property name="user.country.format" value="AT"/>
      <property name="user.dir" value="/Users/florian/Code/elasticsearch-nvd-river/target/J0"/>
      <property name="user.home" value="/Users/florian"/>
      <property name="user.language" value="en"/>
      <property name="user.name" value="florian"/>
      <property name="user.timezone" value="Europe/Vienna"/>
   </properties>
   <testcase classname="org.elasticsearch.river.nvd.NvdRiverIntegrationTest" name="testNvdImport2" time="56.505"/>
   <testcase classname="org.elasticsearch.river.nvd.NvdRiverIntegrationTest" name="testNvdImport1" time="68.59"/>
   <system-out><![CDATA[FLORIAN: 0
FLORIAN: 0
FLORIAN: 0
FLORIAN: 0
FLORIAN: 0
FLORIAN: 1
FLORIAN: 1
FLORIAN: 1
FLORIAN: 2
FLORIAN: 4
FLORIAN: 4
FLORIAN: 4
FLORIAN: 25
FLORIAN: 54
FLORIAN: 128
FLORIAN: 130
FLORIAN: 0
FLORIAN: 0
FLORIAN: 0
FLORIAN: 0
FLORIAN: 0
FLORIAN: 0
FLORIAN: 0
FLORIAN: 0
FLORIAN: 0
FLORIAN: 0
FLORIAN: 0
FLORIAN: 3
FLORIAN: 7
FLORIAN: 25
FLORIAN: 80
FLORIAN: 186
FLORIAN: 370
]]></system-out>
   <system-err><![CDATA[ago 01, 2014 4:11:12 PM test
INFORMAÇÕES: Setup InternalTestCluster [shared-Florians-MacBook-Pro.local-CHILD_VM=[0]-CLUSTER_SEED=[-1572688915319413248]-HASH=[138665CEBA2E42E8]] with seed [EA2CAFC394312600] using [6] data nodes and [1] client nodes
ago 01, 2014 4:11:12 PM test
INFORMAÇÕES: Test testNvdImport2(org.elasticsearch.river.nvd.NvdRiverIntegrationTest) started
ago 01, 2014 4:11:12 PM test
INFORMAÇÕES: Setup InternalTestCluster [SUITE-Florians-MacBook-Pro.local-CHILD_VM=[0]-CLUSTER_SEED=[-7073380275146488909]-HASH=[138665CEBE8548C8]] with seed [9DD64E1DBAA383B3] using [6] data nodes and [0] client nodes
ago 01, 2014 4:11:12 PM node
INFORMAÇÕES: [node_0] version[1.3.0], pid[98587], build[1265b14/2014-07-23T13:46:36Z]
ago 01, 2014 4:11:12 PM node
INFORMAÇÕES: [node_0] initializing ...
ago 01, 2014 4:11:12 PM plugins
INFORMAÇÕES: [node_0] loaded [], sites []
ago 01, 2014 4:11:15 PM node
INFORMAÇÕES: [node_0] initialized
ago 01, 2014 4:11:15 PM node
INFORMAÇÕES: [node_0] starting ...
ago 01, 2014 4:11:15 PM test.transport
INFORMAÇÕES: [node_0] bound_address {local[1]}, publish_address {local[1]}
ago 01, 2014 4:11:15 PM discovery
INFORMAÇÕES: [node_0] SUITE-Florians-MacBook-Pro.local-CHILD_VM=[0]-CLUSTER_SEED=[-7073380275146488909]-HASH=[138665CEBE8548C8]/AeIFJSeZSlmg14V6VlKgqA
ago 01, 2014 4:11:15 PM cluster.service
INFORMAÇÕES: [node_0] new_master [node_0][AeIFJSeZSlmg14V6VlKgqA][Florians-MacBook-Pro.local][local[1]]{mode=local}, reason: local-disco-initial_connect(master)
ago 01, 2014 4:11:15 PM gateway
INFORMAÇÕES: [node_0] recovered [0] indices into cluster_state
ago 01, 2014 4:11:15 PM http
INFORMAÇÕES: [node_0] bound_address {inet[/0:0:0:0:0:0:0:0:9200]}, publish_address {inet[/10.0.0.9:9200]}
ago 01, 2014 4:11:15 PM node
INFORMAÇÕES: [node_0] started
ago 01, 2014 4:11:15 PM test
INFORMAÇÕES: Start Shared Node [node_0] not shared
ago 01, 2014 4:11:15 PM node
INFORMAÇÕES: [node_1] version[1.3.0], pid[98587], build[1265b14/2014-07-23T13:46:36Z]
ago 01, 2014 4:11:15 PM node
INFORMAÇÕES: [node_1] initializing ...
ago 01, 2014 4:11:15 PM plugins
INFORMAÇÕES: [node_1] loaded [], sites []
ago 01, 2014 4:11:16 PM node
INFORMAÇÕES: [node_1] initialized
ago 01, 2014 4:11:16 PM node
INFORMAÇÕES: [node_1] starting ...
ago 01, 2014 4:11:16 PM test.transport
INFORMAÇÕES: [node_1] bound_address {local[2]}, publish_address {local[2]}
ago 01, 2014 4:11:16 PM discovery
INFORMAÇÕES: [node_1] SUITE-Florians-MacBook-Pro.local-CHILD_VM=[0]-CLUSTER_SEED=[-7073380275146488909]-HASH=[138665CEBE8548C8]/V8ZxwOZjS1mYbJpsSW_U7w
ago 01, 2014 4:11:16 PM cluster.service
INFORMAÇÕES: [node_0] added {[node_1][V8ZxwOZjS1mYbJpsSW_U7w][Florians-MacBook-Pro.local][local[2]]{mode=local},}, reason: local-disco-receive(from node[[node_1][V8ZxwOZjS1mYbJpsSW_U7w][Florians-MacBook-Pro.local][local[2]]{mode=local}])
ago 01, 2014 4:11:16 PM cluster.service
INFORMAÇÕES: [node_1] detected_master [node_0][AeIFJSeZSlmg14V6VlKgqA][Florians-MacBook-Pro.local][local[1]]{mode=local}, added {[node_0][AeIFJSeZSlmg14V6VlKgqA][Florians-MacBook-Pro.local][local[1]]{mode=local},}, reason: local-disco-receive(from master)
ago 01, 2014 4:11:16 PM http
INFORMAÇÕES: [node_1] bound_address {inet[/0:0:0:0:0:0:0:0:9201]}, publish_address {inet[/10.0.0.9:9201]}
ago 01, 2014 4:11:16 PM node
INFORMAÇÕES: [node_1] started
ago 01, 2014 4:11:16 PM test
INFORMAÇÕES: Start Shared Node [node_1] not shared
ago 01, 2014 4:11:16 PM node
INFORMAÇÕES: [node_2] version[1.3.0], pid[98587], build[1265b14/2014-07-23T13:46:36Z]
ago 01, 2014 4:11:16 PM node
INFORMAÇÕES: [node_2] initializing ...
ago 01, 2014 4:11:16 PM plugins
INFORMAÇÕES: [node_2] loaded [], sites []
ago 01, 2014 4:11:16 PM node
INFORMAÇÕES: [node_2] initialized
ago 01, 2014 4:11:16 PM node
INFORMAÇÕES: [node_2] starting ...
ago 01, 2014 4:11:16 PM test.transport
INFORMAÇÕES: [node_2] bound_address {local[3]}, publish_address {local[3]}
ago 01, 2014 4:11:16 PM cluster.service
INFORMAÇÕES: [node_0] added {[node_2][DRKR8qR3T52LzjgNkfMcHA][Florians-MacBook-Pro.local][local[3]]{mode=local},}, reason: local-disco-receive(from node[[node_2][DRKR8qR3T52LzjgNkfMcHA][Florians-MacBook-Pro.local][local[3]]{mode=local}])
ago 01, 2014 4:11:16 PM cluster.service
INFORMAÇÕES: [node_1] added {[node_2][DRKR8qR3T52LzjgNkfMcHA][Florians-MacBook-Pro.local][local[3]]{mode=local},}, reason: local-disco-receive(from master)
ago 01, 2014 4:11:16 PM cluster.service
INFORMAÇÕES: [node_2] detected_master [node_0][AeIFJSeZSlmg14V6VlKgqA][Florians-MacBook-Pro.local][local[1]]{mode=local}, added {[node_0][AeIFJSeZSlmg14V6VlKgqA][Florians-MacBook-Pro.local][local[1]]{mode=local},[node_1][V8ZxwOZjS1mYbJpsSW_U7w][Florians-MacBook-Pro.local][local[2]]{mode=local},}, reason: local-disco-receive(from master)
ago 01, 2014 4:11:16 PM discovery
INFORMAÇÕES: [node_2] SUITE-Florians-MacBook-Pro.local-CHILD_VM=[0]-CLUSTER_SEED=[-7073380275146488909]-HASH=[138665CEBE8548C8]/DRKR8qR3T52LzjgNkfMcHA
ago 01, 2014 4:11:16 PM http
INFORMAÇÕES: [node_2] bound_address {inet[/0:0:0:0:0:0:0:0:9202]}, publish_address {inet[/10.0.0.9:9202]}
ago 01, 2014 4:11:16 PM node
INFORMAÇÕES: [node_2] started
ago 01, 2014 4:11:16 PM test
INFORMAÇÕES: Start Shared Node [node_2] not shared
ago 01, 2014 4:11:16 PM node
INFORMAÇÕES: [node_3] version[1.3.0], pid[98587], build[1265b14/2014-07-23T13:46:36Z]
ago 01, 2014 4:11:16 PM node
INFORMAÇÕES: [node_3] initializing ...
ago 01, 2014 4:11:16 PM plugins
INFORMAÇÕES: [node_3] loaded [], sites []
ago 01, 2014 4:11:16 PM node
INFORMAÇÕES: [node_3] initialized
ago 01, 2014 4:11:16 PM node
INFORMAÇÕES: [node_3] starting ...
ago 01, 2014 4:11:16 PM test.transport
INFORMAÇÕES: [node_3] bound_address {local[4]}, publish_address {local[4]}
ago 01, 2014 4:11:16 PM cluster.service
INFORMAÇÕES: [node_0] added {[node_3][1Qu2IQ4kR8WtJt2iXy0N3Q][Florians-MacBook-Pro.local][local[4]]{mode=local},}, reason: local-disco-receive(from node[[node_3][1Qu2IQ4kR8WtJt2iXy0N3Q][Florians-MacBook-Pro.local][local[4]]{mode=local}])
ago 01, 2014 4:11:16 PM cluster.service
INFORMAÇÕES: [node_1] added {[node_3][1Qu2IQ4kR8WtJt2iXy0N3Q][Florians-MacBook-Pro.local][local[4]]{mode=local},}, reason: local-disco-receive(from master)
ago 01, 2014 4:11:16 PM cluster.service
INFORMAÇÕES: [node_2] added {[node_3][1Qu2IQ4kR8WtJt2iXy0N3Q][Florians-MacBook-Pro.local][local[4]]{mode=local},}, reason: local-disco-receive(from master)
ago 01, 2014 4:11:16 PM cluster.service
INFORMAÇÕES: [node_3] detected_master [node_0][AeIFJSeZSlmg14V6VlKgqA][Florians-MacBook-Pro.local][local[1]]{mode=local}, added {[node_0][AeIFJSeZSlmg14V6VlKgqA][Florians-MacBook-Pro.local][local[1]]{mode=local},[node_2][DRKR8qR3T52LzjgNkfMcHA][Florians-MacBook-Pro.local][local[3]]{mode=local},[node_1][V8ZxwOZjS1mYbJpsSW_U7w][Florians-MacBook-Pro.local][local[2]]{mode=local},}, reason: local-disco-receive(from master)
ago 01, 2014 4:11:16 PM discovery
INFORMAÇÕES: [node_3] SUITE-Florians-MacBook-Pro.local-CHILD_VM=[0]-CLUSTER_SEED=[-7073380275146488909]-HASH=[138665CEBE8548C8]/1Qu2IQ4kR8WtJt2iXy0N3Q
ago 01, 2014 4:11:16 PM http
INFORMAÇÕES: [node_3] bound_address {inet[/0:0:0:0:0:0:0:0:9203]}, publish_address {inet[/10.0.0.9:9203]}
ago 01, 2014 4:11:16 PM node
INFORMAÇÕES: [node_3] started
ago 01, 2014 4:11:16 PM test
INFORMAÇÕES: Start Shared Node [node_3] not shared
ago 01, 2014 4:11:16 PM node
INFORMAÇÕES: [node_4] version[1.3.0], pid[98587], build[1265b14/2014-07-23T13:46:36Z]
ago 01, 2014 4:11:16 PM node
INFORMAÇÕES: [node_4] initializing ...
ago 01, 2014 4:11:16 PM plugins
INFORMAÇÕES: [node_4] loaded [], sites []
ago 01, 2014 4:11:17 PM node
INFORMAÇÕES: [node_4] initialized
ago 01, 2014 4:11:17 PM node
INFORMAÇÕES: [node_4] starting ...
ago 01, 2014 4:11:17 PM test.transport
INFORMAÇÕES: [node_4] bound_address {local[5]}, publish_address {local[5]}
ago 01, 2014 4:11:17 PM cluster.service
INFORMAÇÕES: [node_0] added {[node_4][eiUq8GOqRAyaZRe-45zT0A][Florians-MacBook-Pro.local][local[5]]{mode=local},}, reason: local-disco-receive(from node[[node_4][eiUq8GOqRAyaZRe-45zT0A][Florians-MacBook-Pro.local][local[5]]{mode=local}])
ago 01, 2014 4:11:17 PM discovery
INFORMAÇÕES: [node_4] SUITE-Florians-MacBook-Pro.local-CHILD_VM=[0]-CLUSTER_SEED=[-7073380275146488909]-HASH=[138665CEBE8548C8]/eiUq8GOqRAyaZRe-45zT0A
ago 01, 2014 4:11:17 PM cluster.service
INFORMAÇÕES: [node_1] added {[node_4][eiUq8GOqRAyaZRe-45zT0A][Florians-MacBook-Pro.local][local[5]]{mode=local},}, reason: local-disco-receive(from master)
ago 01, 2014 4:11:17 PM cluster.service
INFORMAÇÕES: [node_3] added {[node_4][eiUq8GOqRAyaZRe-45zT0A][Florians-MacBook-Pro.local][local[5]]{mode=local},}, reason: local-disco-receive(from master)
ago 01, 2014 4:11:17 PM cluster.service
INFORMAÇÕES: [node_2] added {[node_4][eiUq8GOqRAyaZRe-45zT0A][Florians-MacBook-Pro.local][local[5]]{mode=local},}, reason: local-disco-receive(from master)
ago 01, 2014 4:11:17 PM cluster.service
INFORMAÇÕES: [node_4] detected_master [node_0][AeIFJSeZSlmg14V6VlKgqA][Florians-MacBook-Pro.local][local[1]]{mode=local}, added {[node_3][1Qu2IQ4kR8WtJt2iXy0N3Q][Florians-MacBook-Pro.local][local[4]]{mode=local},[node_0][AeIFJSeZSlmg14V6VlKgqA][Florians-MacBook-Pro.local][local[1]]{mode=local},[node_2][DRKR8qR3T52LzjgNkfMcHA][Florians-MacBook-Pro.local][local[3]]{mode=local},[node_1][V8ZxwOZjS1mYbJpsSW_U7w][Florians-MacBook-Pro.local][local[2]]{mode=local},}, reason: local-disco-receive(from master)
ago 01, 2014 4:11:17 PM http
INFORMAÇÕES: [node_4] bound_address {inet[/0:0:0:0:0:0:0:0:9204]}, publish_address {inet[/10.0.0.9:9204]}
ago 01, 2014 4:11:17 PM node
INFORMAÇÕES: [node_4] started
ago 01, 2014 4:11:17 PM test
INFORMAÇÕES: Start Shared Node [node_4] not shared
ago 01, 2014 4:11:17 PM node
INFORMAÇÕES: [node_5] version[1.3.0], pid[98587], build[1265b14/2014-07-23T13:46:36Z]
ago 01, 2014 4:11:17 PM node
INFORMAÇÕES: [node_5] initializing ...
ago 01, 2014 4:11:17 PM plugins
INFORMAÇÕES: [node_5] loaded [], sites []
ago 01, 2014 4:11:17 PM node
INFORMAÇÕES: [node_5] initialized
ago 01, 2014 4:11:17 PM node
INFORMAÇÕES: [node_5] starting ...
ago 01, 2014 4:11:17 PM test.transport
INFORMAÇÕES: [node_5] bound_address {local[6]}, publish_address {local[6]}
ago 01, 2014 4:11:17 PM cluster.service
INFORMAÇÕES: [node_0] added {[node_5][9r8NYKUWQQm9rJZLsb-Q3w][Florians-MacBook-Pro.local][local[6]]{mode=local},}, reason: local-disco-receive(from node[[node_5][9r8NYKUWQQm9rJZLsb-Q3w][Florians-MacBook-Pro.local][local[6]]{mode=local}])
ago 01, 2014 4:11:17 PM cluster.service
INFORMAÇÕES: [node_1] added {[node_5][9r8NYKUWQQm9rJZLsb-Q3w][Florians-MacBook-Pro.local][local[6]]{mode=local},}, reason: local-disco-receive(from master)
ago 01, 2014 4:11:17 PM cluster.service
INFORMAÇÕES: [node_3] added {[node_5][9r8NYKUWQQm9rJZLsb-Q3w][Florians-MacBook-Pro.local][local[6]]{mode=local},}, reason: local-disco-receive(from master)
ago 01, 2014 4:11:17 PM cluster.service
INFORMAÇÕES: [node_5] detected_master [node_0][AeIFJSeZSlmg14V6VlKgqA][Florians-MacBook-Pro.local][local[1]]{mode=local}, added {[node_3][1Qu2IQ4kR8WtJt2iXy0N3Q][Florians-MacBook-Pro.local][local[4]]{mode=local},[node_0][AeIFJSeZSlmg14V6VlKgqA][Florians-MacBook-Pro.local][local[1]]{mode=local},[node_2][DRKR8qR3T52LzjgNkfMcHA][Florians-MacBook-Pro.local][local[3]]{mode=local},[node_1][V8ZxwOZjS1mYbJpsSW_U7w][Florians-MacBook-Pro.local][local[2]]{mode=local},[node_4][eiUq8GOqRAyaZRe-45zT0A][Florians-MacBook-Pro.local][local[5]]{mode=local},}, reason: local-disco-receive(from master)
ago 01, 2014 4:11:17 PM cluster.service
INFORMAÇÕES: [node_2] added {[node_5][9r8NYKUWQQm9rJZLsb-Q3w][Florians-MacBook-Pro.local][local[6]]{mode=local},}, reason: local-disco-receive(from master)
ago 01, 2014 4:11:17 PM discovery
INFORMAÇÕES: [node_5] SUITE-Florians-MacBook-Pro.local-CHILD_VM=[0]-CLUSTER_SEED=[-7073380275146488909]-HASH=[138665CEBE8548C8]/9r8NYKUWQQm9rJZLsb-Q3w
ago 01, 2014 4:11:17 PM cluster.service
INFORMAÇÕES: [node_4] added {[node_5][9r8NYKUWQQm9rJZLsb-Q3w][Florians-MacBook-Pro.local][local[6]]{mode=local},}, reason: local-disco-receive(from master)
ago 01, 2014 4:11:17 PM http
INFORMAÇÕES: [node_5] bound_address {inet[/0:0:0:0:0:0:0:0:9205]}, publish_address {inet[/10.0.0.9:9205]}
ago 01, 2014 4:11:17 PM node
INFORMAÇÕES: [node_5] started
ago 01, 2014 4:11:17 PM test
INFORMAÇÕES: Start Shared Node [node_5] not shared
ago 01, 2014 4:11:17 PM plugins
INFORMAÇÕES: [transport_client_node_3] loaded [], sites []
ago 01, 2014 4:11:17 PM transport
INFORMAÇÕES: [transport_client_node_3] bound_address {local[7]}, publish_address {local[7]}
ago 01, 2014 4:11:17 PM plugins
INFORMAÇÕES: [transport_client_node_0] loaded [], sites []
ago 01, 2014 4:11:17 PM transport
INFORMAÇÕES: [transport_client_node_0] bound_address {local[8]}, publish_address {local[8]}
ago 01, 2014 4:11:17 PM river.nvd
INFORMAÇÕES: [NvdRiverIntegrationTest#testNvdImport2]: before test
ago 01, 2014 4:11:17 PM river.nvd
INFORMAÇÕES:   --> starting river [nvd2]
ago 01, 2014 4:11:18 PM cluster.metadata
INFORMAÇÕES: [node_0] [nvd2] creating index, cause [api], shards [3]/[3], mappings [_default_]
ago 01, 2014 4:11:18 PM river.nvd
INFORMAÇÕES: createRiver: {
  "type" : "nvd",
  "nvd" : {
    "streams" : [ {
      "url" : "file:/Users/florian/Code/elasticsearch-nvd-river/target/test-classes/nvdcve-2.0-recent.xml",
      "update_rate" : 10000,
      "name" : "nvdcve-2.0-recent.xml"
    } ]
  },
  "index" : {
    "flush_interval" : "500ms"
  }
}
ago 01, 2014 4:11:18 PM cluster.metadata
INFORMAÇÕES: [node_0] [_river] creating index, cause [auto(index api)], shards [10]/[0], mappings [_default_]
ago 01, 2014 4:11:19 PM cluster.metadata
INFORMAÇÕES: [node_0] [_river] update_mapping [nvd2] (dynamic)
ago 01, 2014 4:11:20 PM river.nvd
INFORMAÇÕES: [node_1] [nvd][nvd2] Creating 'nvd-river' ...
ago 01, 2014 4:11:20 PM river.nvd
INFORMAÇÕES: [node_1] [nvd][nvd2] Starting NVD XML stream ...
ago 01, 2014 4:11:20 PM cluster.metadata
INFORMAÇÕES: [node_0] [_river] update_mapping [nvd2] (dynamic)
ago 01, 2014 4:11:20 PM river.nvd
INFORMAÇÕES: [node_1] [nvd][nvd2] Resource [file:/Users/florian/Code/elasticsearch-nvd-river/target/test-classes/nvdcve-2.0-recent.xml] was last modified on [Fri, 01 Aug 2014 20:10:56 GMT]
ago 01, 2014 4:11:20 PM river.nvd
INFORMAÇÕES: [node_1] [nvd][nvd2] Last-modified from HTTP HEAD: Fri Aug 01 16:10:56 AST 2014
ago 01, 2014 4:11:20 PM river.nvd
ADVERTÊNCIA: [node_1] [nvd][nvd2] last_update field not present in stream [nvdcve-2.0-recent.xml].
ago 01, 2014 4:11:20 PM river.nvd
INFORMAÇÕES: [node_1] [nvd][nvd2] Last-modified as set in stream: null
ago 01, 2014 4:11:20 PM river.nvd
INFORMAÇÕES: [node_1] [nvd][nvd2] Inserting 130 CVE entries ...
ago 01, 2014 4:11:20 PM cluster.metadata
INFORMAÇÕES: [node_0] [nvd2] update_mapping [cve] (dynamic)
ago 01, 2014 4:11:21 PM cluster.metadata
INFORMAÇÕES: [node_0] [nvd2] update_mapping [cve] (dynamic)
ago 01, 2014 4:11:21 PM plugins
INFORMAÇÕES: [transport_client_node_4] loaded [], sites []
ago 01, 2014 4:11:21 PM transport
INFORMAÇÕES: [transport_client_node_4] bound_address {local[9]}, publish_address {local[9]}
ago 01, 2014 4:11:21 PM plugins
INFORMAÇÕES: [transport_client_node_5] loaded [], sites []
ago 01, 2014 4:11:21 PM transport
INFORMAÇÕES: [transport_client_node_5] bound_address {local[10]}, publish_address {local[10]}
ago 01, 2014 4:11:35 PM river.nvd
INFORMAÇÕES: [node_1] [nvd][nvd2] NVD fetcher thread is sleeping for '0' minutes
ago 01, 2014 4:11:36 PM cluster.metadata
INFORMAÇÕES: [node_0] [_river] update_mapping [nvd2] (dynamic)
ago 01, 2014 4:11:46 PM river.nvd
INFORMAÇÕES: [node_1] [nvd][nvd2] Resource [file:/Users/florian/Code/elasticsearch-nvd-river/target/test-classes/nvdcve-2.0-recent.xml] was last modified on [Fri, 01 Aug 2014 20:10:56 GMT]
ago 01, 2014 4:11:46 PM river.nvd
INFORMAÇÕES: [node_1] [nvd][nvd2] Last-modified from HTTP HEAD: Fri Aug 01 16:10:56 AST 2014
ago 01, 2014 4:11:46 PM river.nvd
INFORMAÇÕES: [node_1] [nvd][nvd2] Last-modified as set in stream: null
ago 01, 2014 4:11:46 PM river.nvd
INFORMAÇÕES: [node_1] [nvd][nvd2] Inserting 130 CVE entries ...
ago 01, 2014 4:11:58 PM river.nvd
INFORMAÇÕES: [node_1] [nvd][nvd2] NVD fetcher thread is sleeping for '0' minutes
ago 01, 2014 4:12:07 PM river.nvd
INFORMAÇÕES:   --> stopping rivers
ago 01, 2014 4:12:07 PM cluster.metadata
INFORMAÇÕES: [node_0] [_river] deleting index
ago 01, 2014 4:12:07 PM river.nvd
INFORMAÇÕES: [node_1] [nvd][nvd2] Closing nvd river
ago 01, 2014 4:12:07 PM river.nvd
ADVERTÊNCIA: [node_1] [nvd][nvd2] Thread '171' was interrupted
java.lang.InterruptedException: sleep interrupted
	at java.lang.Thread.sleep(Native Method)
	at org.elasticsearch.river.nvd.NvdRiver$NvdParser.run(NvdRiver.java:280)
	at java.lang.Thread.run(Thread.java:745)

ago 01, 2014 4:12:08 PM river.nvd
INFORMAÇÕES: [NvdRiverIntegrationTest#testNvdImport2]: cleaning up after test
ago 01, 2014 4:12:08 PM cluster.metadata
INFORMAÇÕES: [node_0] [nvd2] deleting index
ago 01, 2014 4:12:08 PM river.nvd
INFORMAÇÕES: [NvdRiverIntegrationTest#testNvdImport2]: cleaned up after test
ago 01, 2014 4:12:08 PM test
INFORMAÇÕES: Wipe data directory for all nodes locations: [/Users/florian/Code/elasticsearch-nvd-river/target/J0/data/SUITE-Florians-MacBook-Pro.local-CHILD_VM=[0]-CLUSTER_SEED=[-7073380275146488909]-HASH=[138665CEBE8548C8]/nodes/1, /Users/florian/Code/elasticsearch-nvd-river/target/J0/data/SUITE-Florians-MacBook-Pro.local-CHILD_VM=[0]-CLUSTER_SEED=[-7073380275146488909]-HASH=[138665CEBE8548C8]/nodes/0, /Users/florian/Code/elasticsearch-nvd-river/target/J0/data/SUITE-Florians-MacBook-Pro.local-CHILD_VM=[0]-CLUSTER_SEED=[-7073380275146488909]-HASH=[138665CEBE8548C8]/nodes/3, /Users/florian/Code/elasticsearch-nvd-river/target/J0/data/SUITE-Florians-MacBook-Pro.local-CHILD_VM=[0]-CLUSTER_SEED=[-7073380275146488909]-HASH=[138665CEBE8548C8]/nodes/2, /Users/florian/Code/elasticsearch-nvd-river/target/J0/data/SUITE-Florians-MacBook-Pro.local-CHILD_VM=[0]-CLUSTER_SEED=[-7073380275146488909]-HASH=[138665CEBE8548C8]/nodes/5, /Users/florian/Code/elasticsearch-nvd-river/target/J0/data/SUITE-Florians-MacBook-Pro.local-CHILD_VM=[0]-CLUSTER_SEED=[-7073380275146488909]-HASH=[138665CEBE8548C8]/nodes/4] success: true
ago 01, 2014 4:12:08 PM test
INFORMAÇÕES: Test testNvdImport2(org.elasticsearch.river.nvd.NvdRiverIntegrationTest) finished
ago 01, 2014 4:12:08 PM test
INFORMAÇÕES: Test testNvdImport1(org.elasticsearch.river.nvd.NvdRiverIntegrationTest) started
ago 01, 2014 4:12:08 PM plugins
INFORMAÇÕES: [transport_client_node_3] loaded [], sites []
ago 01, 2014 4:12:08 PM transport
INFORMAÇÕES: [transport_client_node_3] bound_address {local[11]}, publish_address {local[11]}
ago 01, 2014 4:12:08 PM river.nvd
INFORMAÇÕES: [NvdRiverIntegrationTest#testNvdImport1]: before test
ago 01, 2014 4:12:08 PM river.nvd
INFORMAÇÕES:   --> starting river [nvd1]
ago 01, 2014 4:12:08 PM plugins
INFORMAÇÕES: [transport_client_node_0] loaded [], sites []
ago 01, 2014 4:12:08 PM transport
INFORMAÇÕES: [transport_client_node_0] bound_address {local[12]}, publish_address {local[12]}
ago 01, 2014 4:12:08 PM cluster.metadata
INFORMAÇÕES: [node_0] [nvd1] creating index, cause [api], shards [5]/[4], mappings [_default_]
ago 01, 2014 4:12:08 PM river.nvd
INFORMAÇÕES: createRiver: {
  "type" : "nvd",
  "nvd" : {
    "streams" : [ {
      "url" : "file:/Users/florian/Code/elasticsearch-nvd-river/target/test-classes/nvdcve-2.0-modified.xml",
      "update_rate" : 10000,
      "name" : "nvdcve-2.0-modified.xml"
    } ]
  },
  "index" : {
    "flush_interval" : "500ms"
  }
}
ago 01, 2014 4:12:09 PM cluster.metadata
INFORMAÇÕES: [node_0] [_river] creating index, cause [auto(index api)], shards [7]/[0], mappings [_default_]
ago 01, 2014 4:12:09 PM cluster.metadata
INFORMAÇÕES: [node_0] [_river] update_mapping [nvd1] (dynamic)
ago 01, 2014 4:12:09 PM river.nvd
INFORMAÇÕES: [node_1] [nvd][nvd1] Creating 'nvd-river' ...
ago 01, 2014 4:12:09 PM river.nvd
INFORMAÇÕES: [node_1] [nvd][nvd1] Starting NVD XML stream ...
ago 01, 2014 4:12:09 PM cluster.metadata
INFORMAÇÕES: [node_0] [_river] update_mapping [nvd1] (dynamic)
ago 01, 2014 4:12:10 PM river.nvd
INFORMAÇÕES: [node_1] [nvd][nvd1] Resource [file:/Users/florian/Code/elasticsearch-nvd-river/target/test-classes/nvdcve-2.0-modified.xml] was last modified on [Fri, 01 Aug 2014 20:10:56 GMT]
ago 01, 2014 4:12:10 PM river.nvd
INFORMAÇÕES: [node_1] [nvd][nvd1] Last-modified from HTTP HEAD: Fri Aug 01 16:10:56 AST 2014
ago 01, 2014 4:12:10 PM river.nvd
ADVERTÊNCIA: [node_1] [nvd][nvd1] last_update field not present in stream [nvdcve-2.0-modified.xml].
ago 01, 2014 4:12:10 PM river.nvd
INFORMAÇÕES: [node_1] [nvd][nvd1] Last-modified as set in stream: null
ago 01, 2014 4:12:10 PM river.nvd
INFORMAÇÕES: [node_1] [nvd][nvd1] Inserting 370 CVE entries ...
ago 01, 2014 4:12:10 PM cluster.metadata
INFORMAÇÕES: [node_0] [nvd1] update_mapping [cve] (dynamic)
ago 01, 2014 4:12:11 PM cluster.metadata
INFORMAÇÕES: [node_0] [nvd1] update_mapping [cve] (dynamic)
ago 01, 2014 4:13:06 PM river.nvd
INFORMAÇÕES: [node_1] [nvd][nvd1] NVD fetcher thread is sleeping for '0' minutes
ago 01, 2014 4:13:07 PM cluster.metadata
INFORMAÇÕES: [node_0] [_river] update_mapping [nvd1] (dynamic)
ago 01, 2014 4:13:15 PM river.nvd
INFORMAÇÕES:   --> stopping rivers
ago 01, 2014 4:13:15 PM cluster.metadata
INFORMAÇÕES: [node_0] [_river] deleting index
ago 01, 2014 4:13:15 PM river.nvd
INFORMAÇÕES: [node_1] [nvd][nvd1] Closing nvd river
ago 01, 2014 4:13:15 PM river.nvd
ADVERTÊNCIA: [node_1] [nvd][nvd1] Thread '373' was interrupted
java.lang.InterruptedException: sleep interrupted
	at java.lang.Thread.sleep(Native Method)
	at org.elasticsearch.river.nvd.NvdRiver$NvdParser.run(NvdRiver.java:280)
	at java.lang.Thread.run(Thread.java:745)

ago 01, 2014 4:13:16 PM river.nvd
INFORMAÇÕES: [NvdRiverIntegrationTest#testNvdImport1]: cleaning up after test
ago 01, 2014 4:13:16 PM cluster.metadata
INFORMAÇÕES: [node_0] [nvd1] deleting index
ago 01, 2014 4:13:17 PM river.nvd
INFORMAÇÕES: [NvdRiverIntegrationTest#testNvdImport1]: cleaned up after test
ago 01, 2014 4:13:17 PM test
INFORMAÇÕES: Test testNvdImport1(org.elasticsearch.river.nvd.NvdRiverIntegrationTest) finished
ago 01, 2014 4:13:17 PM node
INFORMAÇÕES: [node_0] stopping ...
ago 01, 2014 4:13:17 PM cluster.service
INFORMAÇÕES: [node_1] master {new [node_1][V8ZxwOZjS1mYbJpsSW_U7w][Florians-MacBook-Pro.local][local[2]]{mode=local}, previous [node_0][AeIFJSeZSlmg14V6VlKgqA][Florians-MacBook-Pro.local][local[1]]{mode=local}}, removed {[node_0][AeIFJSeZSlmg14V6VlKgqA][Florians-MacBook-Pro.local][local[1]]{mode=local},}, reason: local-disco-update
ago 01, 2014 4:13:17 PM cluster.service
INFORMAÇÕES: [node_3] master {new [node_1][V8ZxwOZjS1mYbJpsSW_U7w][Florians-MacBook-Pro.local][local[2]]{mode=local}, previous [node_0][AeIFJSeZSlmg14V6VlKgqA][Florians-MacBook-Pro.local][local[1]]{mode=local}}, removed {[node_0][AeIFJSeZSlmg14V6VlKgqA][Florians-MacBook-Pro.local][local[1]]{mode=local},}, reason: local-disco-receive(from master)
ago 01, 2014 4:13:17 PM cluster.service
INFORMAÇÕES: [node_2] master {new [node_1][V8ZxwOZjS1mYbJpsSW_U7w][Florians-MacBook-Pro.local][local[2]]{mode=local}, previous [node_0][AeIFJSeZSlmg14V6VlKgqA][Florians-MacBook-Pro.local][local[1]]{mode=local}}, removed {[node_0][AeIFJSeZSlmg14V6VlKgqA][Florians-MacBook-Pro.local][local[1]]{mode=local},}, reason: local-disco-receive(from master)
ago 01, 2014 4:13:17 PM cluster.service
INFORMAÇÕES: [node_5] master {new [node_1][V8ZxwOZjS1mYbJpsSW_U7w][Florians-MacBook-Pro.local][local[2]]{mode=local}, previous [node_0][AeIFJSeZSlmg14V6VlKgqA][Florians-MacBook-Pro.local][local[1]]{mode=local}}, removed {[node_0][AeIFJSeZSlmg14V6VlKgqA][Florians-MacBook-Pro.local][local[1]]{mode=local},}, reason: local-disco-receive(from master)
ago 01, 2014 4:13:17 PM cluster.service
INFORMAÇÕES: [node_4] master {new [node_1][V8ZxwOZjS1mYbJpsSW_U7w][Florians-MacBook-Pro.local][local[2]]{mode=local}, previous [node_0][AeIFJSeZSlmg14V6VlKgqA][Florians-MacBook-Pro.local][local[1]]{mode=local}}, removed {[node_0][AeIFJSeZSlmg14V6VlKgqA][Florians-MacBook-Pro.local][local[1]]{mode=local},}, reason: local-disco-receive(from master)
ago 01, 2014 4:13:17 PM node
INFORMAÇÕES: [node_0] stopped
ago 01, 2014 4:13:17 PM node
INFORMAÇÕES: [node_0] closing ...
ago 01, 2014 4:13:17 PM node
INFORMAÇÕES: [node_0] closed
ago 01, 2014 4:13:17 PM node
INFORMAÇÕES: [node_1] stopping ...
ago 01, 2014 4:13:17 PM cluster.service
INFORMAÇÕES: [node_2] master {new [node_2][DRKR8qR3T52LzjgNkfMcHA][Florians-MacBook-Pro.local][local[3]]{mode=local}, previous [node_1][V8ZxwOZjS1mYbJpsSW_U7w][Florians-MacBook-Pro.local][local[2]]{mode=local}}, removed {[node_1][V8ZxwOZjS1mYbJpsSW_U7w][Florians-MacBook-Pro.local][local[2]]{mode=local},}, reason: local-disco-update
ago 01, 2014 4:13:17 PM cluster.service
INFORMAÇÕES: [node_4] master {new [node_2][DRKR8qR3T52LzjgNkfMcHA][Florians-MacBook-Pro.local][local[3]]{mode=local}, previous [node_1][V8ZxwOZjS1mYbJpsSW_U7w][Florians-MacBook-Pro.local][local[2]]{mode=local}}, removed {[node_1][V8ZxwOZjS1mYbJpsSW_U7w][Florians-MacBook-Pro.local][local[2]]{mode=local},}, reason: local-disco-receive(from master)
ago 01, 2014 4:13:17 PM node
INFORMAÇÕES: [node_1] stopped
ago 01, 2014 4:13:17 PM cluster.service
INFORMAÇÕES: [node_5] master {new [node_2][DRKR8qR3T52LzjgNkfMcHA][Florians-MacBook-Pro.local][local[3]]{mode=local}, previous [node_1][V8ZxwOZjS1mYbJpsSW_U7w][Florians-MacBook-Pro.local][local[2]]{mode=local}}, removed {[node_1][V8ZxwOZjS1mYbJpsSW_U7w][Florians-MacBook-Pro.local][local[2]]{mode=local},}, reason: local-disco-receive(from master)
ago 01, 2014 4:13:17 PM cluster.service
INFORMAÇÕES: [node_3] master {new [node_2][DRKR8qR3T52LzjgNkfMcHA][Florians-MacBook-Pro.local][local[3]]{mode=local}, previous [node_1][V8ZxwOZjS1mYbJpsSW_U7w][Florians-MacBook-Pro.local][local[2]]{mode=local}}, removed {[node_1][V8ZxwOZjS1mYbJpsSW_U7w][Florians-MacBook-Pro.local][local[2]]{mode=local},}, reason: local-disco-receive(from master)
ago 01, 2014 4:13:17 PM node
INFORMAÇÕES: [node_1] closing ...
ago 01, 2014 4:13:17 PM node
INFORMAÇÕES: [node_1] closed
ago 01, 2014 4:13:17 PM node
INFORMAÇÕES: [node_2] stopping ...
ago 01, 2014 4:13:17 PM cluster.service
INFORMAÇÕES: [node_3] master {new [node_3][1Qu2IQ4kR8WtJt2iXy0N3Q][Florians-MacBook-Pro.local][local[4]]{mode=local}, previous [node_2][DRKR8qR3T52LzjgNkfMcHA][Florians-MacBook-Pro.local][local[3]]{mode=local}}, removed {[node_2][DRKR8qR3T52LzjgNkfMcHA][Florians-MacBook-Pro.local][local[3]]{mode=local},}, reason: local-disco-update
ago 01, 2014 4:13:17 PM node
INFORMAÇÕES: [node_2] stopped
ago 01, 2014 4:13:17 PM node
INFORMAÇÕES: [node_2] closing ...
ago 01, 2014 4:13:17 PM cluster.service
INFORMAÇÕES: [node_4] master {new [node_3][1Qu2IQ4kR8WtJt2iXy0N3Q][Florians-MacBook-Pro.local][local[4]]{mode=local}, previous [node_2][DRKR8qR3T52LzjgNkfMcHA][Florians-MacBook-Pro.local][local[3]]{mode=local}}, removed {[node_2][DRKR8qR3T52LzjgNkfMcHA][Florians-MacBook-Pro.local][local[3]]{mode=local},}, reason: local-disco-receive(from master)
ago 01, 2014 4:13:17 PM cluster.service
INFORMAÇÕES: [node_5] master {new [node_3][1Qu2IQ4kR8WtJt2iXy0N3Q][Florians-MacBook-Pro.local][local[4]]{mode=local}, previous [node_2][DRKR8qR3T52LzjgNkfMcHA][Florians-MacBook-Pro.local][local[3]]{mode=local}}, removed {[node_2][DRKR8qR3T52LzjgNkfMcHA][Florians-MacBook-Pro.local][local[3]]{mode=local},}, reason: local-disco-receive(from master)
ago 01, 2014 4:13:17 PM node
INFORMAÇÕES: [node_2] closed
ago 01, 2014 4:13:17 PM node
INFORMAÇÕES: [node_3] stopping ...
ago 01, 2014 4:13:17 PM cluster.service
INFORMAÇÕES: [node_4] master {new [node_4][eiUq8GOqRAyaZRe-45zT0A][Florians-MacBook-Pro.local][local[5]]{mode=local}, previous [node_3][1Qu2IQ4kR8WtJt2iXy0N3Q][Florians-MacBook-Pro.local][local[4]]{mode=local}}, removed {[node_3][1Qu2IQ4kR8WtJt2iXy0N3Q][Florians-MacBook-Pro.local][local[4]]{mode=local},}, reason: local-disco-update
ago 01, 2014 4:13:17 PM cluster.service
INFORMAÇÕES: [node_5] master {new [node_4][eiUq8GOqRAyaZRe-45zT0A][Florians-MacBook-Pro.local][local[5]]{mode=local}, previous [node_3][1Qu2IQ4kR8WtJt2iXy0N3Q][Florians-MacBook-Pro.local][local[4]]{mode=local}}, removed {[node_3][1Qu2IQ4kR8WtJt2iXy0N3Q][Florians-MacBook-Pro.local][local[4]]{mode=local},}, reason: local-disco-receive(from master)
ago 01, 2014 4:13:17 PM node
INFORMAÇÕES: [node_3] stopped
ago 01, 2014 4:13:17 PM node
INFORMAÇÕES: [node_3] closing ...
ago 01, 2014 4:13:17 PM node
INFORMAÇÕES: [node_3] closed
ago 01, 2014 4:13:17 PM node
INFORMAÇÕES: [node_4] stopping ...
ago 01, 2014 4:13:17 PM cluster.service
INFORMAÇÕES: [node_5] master {new [node_5][9r8NYKUWQQm9rJZLsb-Q3w][Florians-MacBook-Pro.local][local[6]]{mode=local}, previous [node_4][eiUq8GOqRAyaZRe-45zT0A][Florians-MacBook-Pro.local][local[5]]{mode=local}}, removed {[node_4][eiUq8GOqRAyaZRe-45zT0A][Florians-MacBook-Pro.local][local[5]]{mode=local},}, reason: local-disco-update
ago 01, 2014 4:13:17 PM node
INFORMAÇÕES: [node_4] stopped
ago 01, 2014 4:13:17 PM node
INFORMAÇÕES: [node_4] closing ...
ago 01, 2014 4:13:17 PM node
INFORMAÇÕES: [node_4] closed
ago 01, 2014 4:13:17 PM node
INFORMAÇÕES: [node_5] stopping ...
ago 01, 2014 4:13:17 PM node
INFORMAÇÕES: [node_5] stopped
ago 01, 2014 4:13:17 PM node
INFORMAÇÕES: [node_5] closing ...
ago 01, 2014 4:13:17 PM node
INFORMAÇÕES: [node_5] closed
]]></system-err>
</testsuite>