<testsuite errors="0" failures="0" tests="2" skipped="0" name="org.elasticsearch.river.nvd.NvdXmlTest" hostname="nohost.nodomain" time="12.186" timestamp="2014-08-01T22:10:58">
   <properties class="java.util.ArrayList">
      <property name="awt.toolkit" value="sun.lwawt.macosx.LWCToolkit"/>
      <property name="es.logger.level" value="INFO"/>
      <property name="es.logger.prefix" value=""/>
      <property name="es.node.local" value=""/>
      <property name="es.node.mode" value=""/>
      <property name="file.encoding" value="UTF-8"/>
      <property name="file.encoding.pkg" value="sun.io"/>
      <property name="file.separator" value="/"/>
      <property name="ftp.nonProxyHosts" value="local|*.local|169.254/16|*.169.254/16"/>
      <property name="gopherProxySet" value="false"/>
      <property name="http.nonProxyHosts" value="local|*.local|169.254/16|*.169.254/16"/>
      <property name="java.awt.graphicsenv" value="sun.awt.CGraphicsEnvironment"/>
      <property name="java.awt.headless" value="true"/>
      <property name="java.awt.printerjob" value="sun.lwawt.macosx.CPrinterJob"/>
      <property name="java.class.path" value="/Users/florian/Code/elasticsearch-nvd-river/target/test-classes:/Users/florian/Code/elasticsearch-nvd-river/target/classes:/Users/florian/.m2/repository/org/apache/lucene/lucene-test-framework/4.9.0/lucene-test-framework-4.9.0.jar:/Users/florian/.m2/repository/org/apache/lucene/lucene-codecs/4.9.0/lucene-codecs-4.9.0.jar:/Users/florian/.m2/repository/org/apache/lucene/lucene-core/4.9.0/lucene-core-4.9.0.jar:/Users/florian/.m2/repository/com/carrotsearch/randomizedtesting/junit4-ant/2.1.3/junit4-ant-2.1.3.jar:/Users/florian/.m2/repository/com/carrotsearch/randomizedtesting/randomizedtesting-runner/2.1.3/randomizedtesting-runner-2.1.3.jar:/Users/florian/.m2/repository/junit/junit/4.10/junit-4.10.jar:/Users/florian/.m2/repository/org/apache/ant/ant/1.8.2/ant-1.8.2.jar:/Users/florian/.m2/repository/org/elasticsearch/elasticsearch/1.3.0/elasticsearch-1.3.0.jar:/Users/florian/.m2/repository/org/apache/lucene/lucene-analyzers-common/4.9.0/lucene-analyzers-common-4.9.0.jar:/Users/florian/.m2/repository/org/apache/lucene/lucene-queries/4.9.0/lucene-queries-4.9.0.jar:/Users/florian/.m2/repository/org/apache/lucene/lucene-memory/4.9.0/lucene-memory-4.9.0.jar:/Users/florian/.m2/repository/org/apache/lucene/lucene-highlighter/4.9.0/lucene-highlighter-4.9.0.jar:/Users/florian/.m2/repository/org/apache/lucene/lucene-queryparser/4.9.0/lucene-queryparser-4.9.0.jar:/Users/florian/.m2/repository/org/apache/lucene/lucene-sandbox/4.9.0/lucene-sandbox-4.9.0.jar:/Users/florian/.m2/repository/org/apache/lucene/lucene-suggest/4.9.0/lucene-suggest-4.9.0.jar:/Users/florian/.m2/repository/org/apache/lucene/lucene-misc/4.9.0/lucene-misc-4.9.0.jar:/Users/florian/.m2/repository/org/apache/lucene/lucene-join/4.9.0/lucene-join-4.9.0.jar:/Users/florian/.m2/repository/org/apache/lucene/lucene-grouping/4.9.0/lucene-grouping-4.9.0.jar:/Users/florian/.m2/repository/org/apache/lucene/lucene-spatial/4.9.0/lucene-spatial-4.9.0.jar:/Users/florian/.m2/repository/com/spatial4j/spatial4j/0.4.1/spatial4j-0.4.1.jar:/Users/florian/.m2/repository/org/antlr/antlr-runtime/3.5/antlr-runtime-3.5.jar:/Users/florian/.m2/repository/org/ow2/asm/asm/4.1/asm-4.1.jar:/Users/florian/.m2/repository/org/ow2/asm/asm-commons/4.1/asm-commons-4.1.jar:/Users/florian/.m2/repository/org/apache/logging/log4j/log4j-api/2.0/log4j-api-2.0.jar:/Users/florian/.m2/repository/org/apache/logging/log4j/log4j-core/2.0/log4j-core-2.0.jar:/Users/florian/.m2/repository/org/elasticsearch/elasticsearch/1.3.0/elasticsearch-1.3.0-tests.jar:/Users/florian/.m2/repository/org/hamcrest/hamcrest-core/1.3.RC2/hamcrest-core-1.3.RC2.jar:/Users/florian/.m2/repository/org/hamcrest/hamcrest-library/1.3.RC2/hamcrest-library-1.3.RC2.jar:/Users/florian/.m2/repository/org/eclipse/persistence/org.eclipse.persistence.moxy/2.5.0/org.eclipse.persistence.moxy-2.5.0.jar:/Users/florian/.m2/repository/org/eclipse/persistence/org.eclipse.persistence.core/2.5.0/org.eclipse.persistence.core-2.5.0.jar:/Users/florian/.m2/repository/org/eclipse/persistence/org.eclipse.persistence.asm/2.5.0/org.eclipse.persistence.asm-2.5.0.jar:/Users/florian/.m2/repository/org/eclipse/persistence/org.eclipse.persistence.antlr/2.5.0/org.eclipse.persistence.antlr-2.5.0.jar:/Users/florian/.m2/repository/com/carrotsearch/randomizedtesting/junit4-ant/2.0.12/junit4-ant-2.0.12.jar"/>
      <property name="java.class.version" value="52.0"/>
      <property name="java.endorsed.dirs" value="/Library/Java/JavaVirtualMachines/jdk1.8.0_11.jdk/Contents/Home/jre/lib/endorsed"/>
      <property name="java.ext.dirs" value="/Users/florian/Library/Java/Extensions:/Library/Java/JavaVirtualMachines/jdk1.8.0_11.jdk/Contents/Home/jre/lib/ext:/Library/Java/Extensions:/Network/Library/Java/Extensions:/System/Library/Java/Extensions:/usr/lib/java"/>
      <property name="java.home" value="/Library/Java/JavaVirtualMachines/jdk1.8.0_11.jdk/Contents/Home/jre"/>
      <property name="java.io.tmpdir" value="/var/folders/28/4c24h1n95hj28mywqz1wbn3c0000gn/T/"/>
      <property name="java.library.path" value="/Users/florian/Library/Java/Extensions:/Library/Java/Extensions:/Network/Library/Java/Extensions:/System/Library/Java/Extensions:/usr/lib/java:."/>
      <property name="java.runtime.name" value="Java(TM) SE Runtime Environment"/>
      <property name="java.runtime.version" value="1.8.0_11-b12"/>
      <property name="java.specification.name" value="Java Platform API Specification"/>
      <property name="java.specification.vendor" value="Oracle Corporation"/>
      <property name="java.specification.version" value="1.8"/>
      <property name="java.vendor" value="Oracle Corporation"/>
      <property name="java.vendor.url" value="http://java.oracle.com/"/>
      <property name="java.vendor.url.bug" value="http://bugreport.sun.com/bugreport/"/>
      <property name="java.version" value="1.8.0_11"/>
      <property name="java.vm.info" value="mixed mode"/>
      <property name="java.vm.name" value="Java HotSpot(TM) 64-Bit Server VM"/>
      <property name="java.vm.specification.name" value="Java Virtual Machine Specification"/>
      <property name="java.vm.specification.vendor" value="Oracle Corporation"/>
      <property name="java.vm.specification.version" value="1.8"/>
      <property name="java.vm.vendor" value="Oracle Corporation"/>
      <property name="java.vm.version" value="25.11-b03"/>
      <property name="junit4.childvm.cwd" value="/Users/florian/Code/elasticsearch-nvd-river/target/J0"/>
      <property name="junit4.childvm.id" value="0"/>
      <property name="junit4.memory.total" value="137887744"/>
      <property name="junit4.pidString" value="98587@Florians-MacBook-Pro.local"/>
      <property name="junit4.processors" value="4"/>
      <property name="line.separator" value="
"/>
      <property name="os.arch" value="x86_64"/>
      <property name="os.name" value="Mac OS X"/>
      <property name="os.version" value="10.9.4"/>
      <property name="path.separator" value=":"/>
      <property name="socksNonProxyHosts" value="local|*.local|169.254/16|*.169.254/16"/>
      <property name="sun.arch.data.model" value="64"/>
      <property name="sun.boot.class.path" value="/Library/Java/JavaVirtualMachines/jdk1.8.0_11.jdk/Contents/Home/jre/lib/resources.jar:/Library/Java/JavaVirtualMachines/jdk1.8.0_11.jdk/Contents/Home/jre/lib/rt.jar:/Library/Java/JavaVirtualMachines/jdk1.8.0_11.jdk/Contents/Home/jre/lib/sunrsasign.jar:/Library/Java/JavaVirtualMachines/jdk1.8.0_11.jdk/Contents/Home/jre/lib/jsse.jar:/Library/Java/JavaVirtualMachines/jdk1.8.0_11.jdk/Contents/Home/jre/lib/jce.jar:/Library/Java/JavaVirtualMachines/jdk1.8.0_11.jdk/Contents/Home/jre/lib/charsets.jar:/Library/Java/JavaVirtualMachines/jdk1.8.0_11.jdk/Contents/Home/jre/lib/jfr.jar:/Library/Java/JavaVirtualMachines/jdk1.8.0_11.jdk/Contents/Home/jre/classes"/>
      <property name="sun.boot.library.path" value="/Library/Java/JavaVirtualMachines/jdk1.8.0_11.jdk/Contents/Home/jre/lib"/>
      <property name="sun.cpu.endian" value="little"/>
      <property name="sun.cpu.isalist" value=""/>
      <property name="sun.io.unicode.encoding" value="UnicodeBig"/>
      <property name="sun.java.command" value="com.carrotsearch.ant.tasks.junit4.slave.SlaveMainSafe -flush -eventsfile /Users/florian/Code/elasticsearch-nvd-river/target/junit4-J0-20140801_221058_044.events @/Users/florian/Code/elasticsearch-nvd-river/target/junit4-J0-20140801_221058_044.suites -stdin"/>
      <property name="sun.java.launcher" value="SUN_STANDARD"/>
      <property name="sun.jnu.encoding" value="UTF-8"/>
      <property name="sun.management.compiler" value="HotSpot 64-Bit Tiered Compilers"/>
      <property name="sun.os.patch.level" value="unknown"/>
      <property name="tests.awaitsfix" value=""/>
      <property name="tests.badapples" value=""/>
      <property name="tests.class" value=""/>
      <property name="tests.client.ratio" value=""/>
      <property name="tests.cluster_seed" value=""/>
      <property name="tests.failfast" value=""/>
      <property name="tests.integration" value=""/>
      <property name="tests.iters" value=""/>
      <property name="tests.maxfailures" value=""/>
      <property name="tests.method" value=""/>
      <property name="tests.nightly" value=""/>
      <property name="tests.prefix" value="tests"/>
      <property name="tests.seed" value="EA2CAFC394312600"/>
      <property name="tests.showSuccess" value=""/>
      <property name="tests.slow" value=""/>
      <property name="tests.timeoutSuite" value=""/>
      <property name="tests.weekly" value=""/>
      <property name="user.country" value="US"/>
      <property name="user.country.format" value="AT"/>
      <property name="user.dir" value="/Users/florian/Code/elasticsearch-nvd-river/target/J0"/>
      <property name="user.home" value="/Users/florian"/>
      <property name="user.language" value="en"/>
      <property name="user.name" value="florian"/>
      <property name="user.timezone" value="Europe/Vienna"/>
   </properties>
   <testcase classname="org.elasticsearch.river.nvd.NvdXmlTest" name="testParsing" time="4.112"/>
   <testcase classname="org.elasticsearch.river.nvd.NvdXmlTest" name="testXml2Json" time="8.049"/>
   <system-out><![CDATA[Parsing file:/Users/florian/Code/elasticsearch-nvd-river/target/test-classes/nvdcve-2.0-2003.xml
Nvd: 1515
Parsing file:/Users/florian/Code/elasticsearch-nvd-river/target/test-classes/nvdcve-2.0-2003.xml
cveEntries = 1516]]></system-out>
   <system-err><![CDATA[]]></system-err>
</testsuite>